|SourceProjectName:jmva_eng.hpr
|DestinationProjectName:jmva_eng.hs
da_implementare....htm
First_Topic.htm
Glossary_and_Notation\Bibliography.htm
Glossary_and_Notation\File_MVA_format.htm
Glossary_and_Notation\Glossary.htm
How_to\Exporting_data\da_implementare....htm
How_to\Insert_a_new_model\Defining_a_new_model.htm
How_to\Insert_a_new_model\End_-_Confirmation_of_data_entered.htm
How_to\Insert_a_new_model\Step_1_-_.htm
How_to\Insert_a_new_model\Step_2_-_Stations.htm
How_to\Insert_a_new_model\Step_3_-_Service_times.htm
How_to\Insert_a_new_model\Step_3a_-_Service_demands.htm
How_to\Insert_a_new_model\Step_3b_-_Service_times_and_Visits.htm
How_to\Insert_a_new_model\Step_4_-_Comments.htm
How_to\Modifing_the_current_model\Modify_the_current_model.htm
How_to\Viewing_a_table_with_intermediate_data\Ancora_da_implementare.htm
How_to\Vizualizing_a_plot\Ancora_da_implementare....htm
How_to\Vizualizing_a_plot\Personalizing_the_plottings\da_implementare....htm
How_to\Vizualizing_a_plot\Personalizing_the_plottings\Plotting_window_options\da_implementare....htm
Menu\Action_menu.htm
Menu\File_menu.htm
Menu\Help_menu.htm
Menu\Link_Menu\About.htm
Menu\Link_Menu\Exit.htm
Menu\Link_Menu\jMva_help.htm
Menu\Link_Menu\New.htm
Menu\Link_Menu\Open.htm
Menu\Link_Menu\Randomize.htm
Menu\Link_Menu\Save.htm
Menu\Link_Menu\Solve.htm
Menu\Link_Menu\Switch_to_simulator.htm
Relationship_between_input_data_of_the_model.htm
eHelp.xml
RoboHHRE.lng
jmva_eng.glo
default.css
Glossary_and_Notation\images\Image24.gif
Glossary_and_Notation\images\Image13.gif
Glossary_and_Notation\images\Image25.gif
Glossary_and_Notation\images\Image14.gif
Glossary_and_Notation\images\Image26.gif
Glossary_and_Notation\images\Image15.gif
general_images\jmva_bar.gif
Glossary_and_Notation\images\Image27.gif
Glossary_and_Notation\images\Image16.gif
general_images\new.gif
general_images\randomize.gif
general_images\Service_times_and_visits.gif
general_images\nome_classe.gif
Glossary_and_Notation\images\Image28.gif
Glossary_and_Notation\images\Image17.gif
Glossary_and_Notation\images\Image1.gif
general_images\Logo_Politecnico.jpg
general_images\class_type.gif
Glossary_and_Notation\images\Image29.gif
Glossary_and_Notation\images\Image18.gif
Glossary_and_Notation\images\Image2.gif
general_images\num_classi.gif
Glossary_and_Notation\images\Image19.gif
Glossary_and_Notation\images\Image3.gif
Glossary_and_Notation\images\Image4.gif
general_images\arrival_rate.gif
Glossary_and_Notation\images\Image5.gif
general_images\solve.gif
general_images\solutions.gif
Glossary_and_Notation\images\Image6.gif
general_images\num_customers.gif
Glossary_and_Notation\images\Image7.gif
general_images\Title_JMT.jpg
general_images\comment.gif
general_images\num_station.gif
Glossary_and_Notation\images\Image8.gif
general_images\open.gif
general_images\switch_to_simulator.gif
Glossary_and_Notation\images\Image9.gif
general_images\service_times_input.gif
Glossary_and_Notation\images\Image20.gif
general_images\service_demands.gif
general_images\Station_type.gif
Glossary_and_Notation\images\Image21.gif
Glossary_and_Notation\images\Image10.gif
general_images\Station_name.gif
Glossary_and_Notation\images\Image22.gif
Glossary_and_Notation\images\Image11.gif
Glossary_and_Notation\images\Image23.gif
Glossary_and_Notation\images\Image12.gif
general_images\save.gif
ehlpdhtm.js
bsscnav4.gif
bsscnav5.gif
bsscnav6.gif
bsscnav7.gif
bsscnav8.gif
bsscjhrs.jar
jmva_eng_toc.xml
jmva_eng_ndx.xml
jmva_eng_map.xml
jmva_eng.hs
