|SourceProjectName:jsim_en.hpr
|DestinationProjectName:jsim_en.hs
Glossary_and_Notation\bibliography.htm
Glossary_and_Notation\file_jsim_format.htm
Glossary_and_Notation\glossary.htm
How_to\Create_a_new_model\defining_a_new_model.htm
How_to\Create_a_new_model\Step_1_-_Classes.htm
How_to\Create_a_new_model\Step_2_-_Stations.htm
How_to\Create_a_new_model\Step_3_-_Connections.htm
How_to\Create_a_new_model\Step_4_-_Station_parameters.htm
How_to\Create_a_new_model\Step_5_-_Performance_indices.htm
How_to\Create_a_new_model\Step_6_-_Reference_Stations.htm
How_to\Create_a_new_model\Step_7_-_Finite_Region.htm
How_to\Create_a_new_model\step_8_-_simulation.htm
How_to\Define_class\define_class.html
How_to\Define_class\distribution.html
How_to\Define_Connection\Define_Connection.htm
How_to\Define_Finite_Capacity_Region\Define_Finite_Capacity_Regions.htm
How_to\Define_performance_indices\define_performance_indices.html
How_to\Define_performance_indices\indices.html
How_to\Define_Reference_Station\Define_Reference_Stations.htm
How_to\Define_simulation_parameters\define_simulation_parameters.htm
How_to\Define_station\define_station.html
How_to\Define_station\sections\fork_section.html
How_to\Define_station\sections\queue_section.html
How_to\Define_station\sections\routing_section.html
How_to\Define_station\sections\service_section.html
How_to\Define_station_parameters\Define_station_parameters.htm
How_to\Define_what_if_analysis\define_what_if_analysis.html
How_to\Import_in_JMVA\import_in_jmva.html
How_to\Modify_default_parameters\modifying_default_parameters.htm
How_to\Modify_the_current_model\modify_the_current_model.htm
How_to\Start_simulation\error_warning.html
How_to\Start_simulation\simulation_results.html
How_to\Start_simulation\start_simulation.html
Introduction_to_JSim\introduction_to_jsim.html
Menu\action_menu.htm
Menu\define_menu.htm
Menu\file_menu.htm
Menu\help_menu.htm
Menu\Link_Menu\About_JSIM.htm
Menu\Link_Menu\Back.htm
Menu\Link_Menu\Default_parameters.htm
Menu\Link_Menu\Import_in_JMVA.htm
Menu\Link_Menu\Jsim_help.htm
Menu\Link_Menu\New.htm
Menu\Link_Menu\Next.htm
Menu\Link_Menu\Open.htm
Menu\Link_Menu\Pause.htm
Menu\Link_Menu\Quit.htm
Menu\Link_Menu\Results.htm
Menu\Link_Menu\Save.htm
Menu\Link_Menu\Save_as.htm
Menu\Link_Menu\Start_simulation.htm
Menu\Link_Menu\Stop.htm
Menu\simulation_menu.htm
eHelp.xml
RoboHHRE.lng
jsim_en.glo
default.css
How_to\Modify_the_current_model\Images\tabs_list_complete.gif
How_to\Define_station\Images\erlang.gif
Glossary_and_Notation\images\Image8.gif
How_to\Start_simulation\Images\12.gif
How_to\Start_simulation\Images\4.gif
How_to\Define_station\Images\delete.gif
How_to\Define_performance_indices\Images\define_indices1.gif
How_to\Define_class\Images\g_uniform2.gif
How_to\Define_class\Images\erlang_f.gif
How_to\Create_a_new_model\Images\performance_indices_submenu.gif
How_to\Create_a_new_model\Images\connection3.gif
How_to\Define_Finite_Capacity_Region\images\fcr_define.gif
How_to\Define_station\Images\service_section1.gif
How_to\Define_station\Images\S_time.gif
How_to\Define_station\Images\R_length.gif
Glossary_and_Notation\images\Image9.gif
How_to\Start_simulation\Images\13.gif
How_to\Start_simulation\Images\5.gif
How_to\Define_station\Images\load_splitter.gif
How_to\Define_class\Images\paretp_f.gif
How_to\Create_a_new_model\Images\station_parameters1.gif
How_to\Define_what_if_analysis\Images\ex2_service_time.gif
How_to\Start_simulation\Images\14.gif
How_to\Start_simulation\Images\6.gif
How_to\Define_performance_indices\Images\classes.gif
How_to\Create_a_new_model\Images\es1.gif
How_to\Create_a_new_model\Images\station_types.gif
Menu\Link_Menu\Images\results.gif
Glossary_and_Notation\images\Image20.gif
How_to\Start_simulation\Images\7.gif
How_to\Modify_default_parameters\Images\Simulation_parameters.gif
How_to\Modify_default_parameters\Images\Station_parameters.gif
How_to\Define_station\Images\source.gif
How_to\Define_station\Images\station_types.gif
How_to\Define_station\Images\button_addStation.gif
How_to\Define_class\Images\studt3.gif
How_to\Define_class\Images\g_expo1.gif
How_to\Define_class\Images\g_erlang1.gif
How_to\Define_class\Images\erlang1.gif
How_to\Define_class\Images\type_class.gif
How_to\Define_class\Images\button_NClass.gif
How_to\Create_a_new_model\Images\es2.gif
How_to\Create_a_new_model\Images\connections1.gif
How_to\Create_a_new_model\Images\delete.gif
How_to\Import_in_JMVA\images\import_to_JMVA.gif
How_to\Define_station\Images\utilization.gif
How_to\Define_what_if_analysis\Images\enable_box.gif
Glossary_and_Notation\images\Image21.gif
Glossary_and_Notation\images\Image10.gif
How_to\Define_station\Images\button_Nstations.gif
How_to\Define_class\Images\g_expo2.gif
How_to\Define_class\Images\expo_var.gif
How_to\Define_class\Images\g_erlang2.gif
How_to\Define_class\Images\erlang2.gif
How_to\Create_a_new_model\Images\fcr_selection.gif
How_to\Create_a_new_model\Images\es3.gif
How_to\Create_a_new_model\Images\start_sim.gif
Menu\Link_Menu\Images\default_parameters.gif
How_to\Define_station\Images\num_servers.gif
How_to\Define_station\Images\probability.gif
How_to\Define_what_if_analysis\Images\ex1.gif
Glossary_and_Notation\images\Image22.gif
Glossary_and_Notation\images\Image11.gif
How_to\Start_simulation\Images\9.gif
How_to\Define_performance_indices\Images\station.gif
How_to\Define_class\Images\student-t1.jpg
How_to\Create_a_new_model\Images\add_class.gif
Menu\Link_Menu\Images\help.gif
How_to\Define_station_parameters\images\station_params.gif
How_to\Define_what_if_analysis\Images\whatif_tab.gif
Glossary_and_Notation\images\Image23.gif
Glossary_and_Notation\images\Image12.gif
How_to\Define_station\Images\sink.gif
How_to\Define_performance_indices\Images\add_indice.gif
How_to\Define_class\Images\uniform_f.gif
How_to\Define_class\Images\exponential1.gif
How_to\Define_class\Images\constant1.gif
How_to\Define_class\Images\open_class1.gif
How_to\Create_a_new_model\Images\open_reference.gif
How_to\Create_a_new_model\Images\simulation.gif
How_to\Import_in_JMVA\images\jmva.gif
How_to\Define_station\Images\random.gif
Glossary_and_Notation\images\Image24.gif
Glossary_and_Notation\images\Image13.gif
How_to\Define_performance_indices\Images\err_conf.gif
How_to\Define_class\Images\studentT1.gif
How_to\Define_class\Images\normal_f.gif
How_to\Define_class\Images\exponential2.gif
How_to\Define_class\Images\exponential_f.gif
How_to\Define_class\Images\constant_f.gif
How_to\Define_class\Images\reference_closed1.gif
How_to\Define_class\Images\reference_open1.gif
How_to\Define_class\Images\button_addClass.gif
How_to\Create_a_new_model\Images\add_indice.gif
How_to\Create_a_new_model\Images\scroll.gif
How_to\Create_a_new_model\Images\class_type.gif
How_to\Define_class\Images\define_class1.gif
How_to\Define_station\Images\load.gif
How_to\Define_station\Images\routing1.gif
How_to\Define_station\Images\fork1.gif
How_to\Define_what_if_analysis\Images\type_selection.gif
Glossary_and_Notation\images\Image25.gif
Glossary_and_Notation\images\Image14.gif
How_to\Modify_default_parameters\Images\Class_Parameters.gif
How_to\Define_station\Images\source_sink.gif
How_to\Define_class\Images\arrival_time_distribution1.gif
How_to\Create_a_new_model\Images\add_fcr.gif
How_to\Create_a_new_model\Images\performance_indices_input.gif
How_to\Create_a_new_model\Images\sub_tabs_menu.gif
How_to\Create_a_new_model\Images\source_sink.gif
How_to\Create_a_new_model\Images\stations1.gif
How_to\Create_a_new_model\Images\class_name.gif
How_to\Create_a_new_model\Images\classes1.gif
Menu\Link_Menu\Images\import_in_JMVA.gif
How_to\Define_station\Images\routing2.gif
How_to\Define_station\Images\tasks.gif
Glossary_and_Notation\images\Image26.gif
Glossary_and_Notation\images\Image15.gif
How_to\Define_class\Images\student-t2.gif
How_to\Create_a_new_model\Images\station_selection.gif
How_to\Create_a_new_model\Images\stations2.gif
How_to\Create_a_new_model\Images\classes2.gif
How_to\Define_class\Images\Mean.gif
Glossary_and_Notation\images\Image27.gif
Glossary_and_Notation\images\Image16.gif
Glossary_and_Notation\images\Image1.gif
How_to\Define_class\Images\pareto1.gif
How_to\Define_class\Images\normal1.gif
How_to\Define_class\Images\hyperExp1.gif
How_to\Create_a_new_model\Images\add_stations.gif
How_to\Create_a_new_model\Images\edit.gif
Menu\Link_Menu\Images\open.gif
How_to\Define_Reference_Station\images\reference_stations.gif
How_to\Define_class\Images\eulergamma.gif
How_to\Define_station\Images\queue_section1.gif
How_to\Define_station\Images\round_robin.gif
Glossary_and_Notation\images\Image28.gif
Glossary_and_Notation\images\Image17.gif
Glossary_and_Notation\images\Image2.gif
How_to\Start_simulation\Images\sim_window.gif
How_to\Start_simulation\Images\error_window.gif
How_to\Modify_the_current_model\Images\exit_simulation.gif
How_to\Modify_default_parameters\Images\FCR_parameters.gif
How_to\Define_station\Images\define_station1.gif
How_to\Define_class\Images\g_pareto1.gif
How_to\Define_class\Images\g_normal1.gif
How_to\Define_class\Images\huperexpon_f.gif
How_to\Define_class\Images\gamma_f.gif
How_to\Create_a_new_model\Images\sink_source_connections.gif
Menu\Link_Menu\Images\pause.gif
How_to\Define_simulation_parameters\Images\sim_tabs.gif
How_to\Define_Connection\images\connection_tab.gif
How_to\Define_what_if_analysis\Images\sedd.gif
Glossary_and_Notation\images\Image29.gif
Glossary_and_Notation\images\Image18.gif
Glossary_and_Notation\images\Image3.gif
How_to\Define_station\Images\fork.gif
How_to\Define_class\Images\g_pareto2.gif
How_to\Define_class\Images\g_normal2.gif
How_to\Create_a_new_model\Images\closed_reference.gif
Menu\Link_Menu\Images\new.gif
Menu\Link_Menu\Images\stop.gif
How_to\Define_class\Images\variance.gif
How_to\Define_station\Images\lenght.gif
How_to\Define_station\Images\Q_length.gif
Glossary_and_Notation\images\Image19.gif
Glossary_and_Notation\images\Image4.gif
How_to\Define_simulation_parameters\Images\first_section.gif
How_to\Define_class\Images\uniform1.gif
How_to\Define_class\Images\studentT_f.gif
How_to\Define_class\Images\g_poisson1.gif
How_to\Define_class\Images\huperexpon1.gif
Menu\Link_Menu\Images\start_simulation.gif
How_to\Define_class\Images\CoeffVariation.gif
Glossary_and_Notation\images\Image5.gif
How_to\Start_simulation\Images\1.gif
How_to\Define_station\Images\join.gif
How_to\Define_class\Images\uniform2.gif
How_to\Define_class\Images\replayer_f.gif
How_to\Define_class\Images\g_poisson2.gif
How_to\Create_a_new_model\Images\class_selection.gif
How_to\Create_a_new_model\Images\station_name.gif
Menu\Link_Menu\Images\save.gif
How_to\Define_station\Images\prob1.gif
How_to\Define_station\Images\strategy.gif
How_to\Define_station\Images\blocking.gif
How_to\Define_what_if_analysis\Images\customers.gif
Glossary_and_Notation\images\Image6.gif
Introduction_to_JSim\Images\JSIM_Logo.gif
How_to\Start_simulation\Images\10.gif
How_to\Start_simulation\Images\2.gif
How_to\Define_station\Images\delay.gif
How_to\Define_simulation_parameters\Images\bottom_section.gif
How_to\Define_performance_indices\Images\indices1.gif
How_to\Define_class\Images\poisson_f.gif
How_to\Define_class\Images\pareto_c.gif
How_to\Define_class\Images\g_gamma1.gif
How_to\Create_a_new_model\Images\connection1.gif
How_to\Define_station\Images\load_dipendent.gif
How_to\Define_station\Images\add_range.gif
How_to\Define_station\Images\edit.gif
Glossary_and_Notation\images\Image7.gif
How_to\Start_simulation\Images\11.gif
How_to\Start_simulation\Images\3.gif
How_to\Define_station\Images\server.gif
How_to\Define_class\Images\g_uniform1.gif
How_to\Define_class\Images\g_gamma2.gif
How_to\Define_class\Images\closed_class1.gif
How_to\Create_a_new_model\Images\fcr_bottom.gif
How_to\Create_a_new_model\Images\connection2.gif
ehlpdhtm.js
bsscnav4.gif
bsscnav5.gif
bsscnav6.gif
bsscnav7.gif
bsscnav8.gif
bsscjhrs.jar
jsim_en_toc.xml
jsim_en_ndx.xml
jsim_en_map.xml
jsim_en.hs
